Command line invocation:
    /Applications/Xcode.app/Contents/Developer/usr/bin/xcodebuild -project wa.xcodeproj -scheme wa -configuration Debug -destination platform=macOS build

ComputePackagePrebuildTargetDependencyGraph

Prepare packages

CreateBuildRequest

SendProjectDescription

CreateBuildOperation

ComputeTargetDependencyGraph
note: Building targets in dependency order
note: Target dependency graph (1 target)
    Target 'wa' in project 'wa' (no dependencies)

GatherProvisioningInputs

CreateBuildDescription

ExecuteExternalTool /Applications/Xcode.app/Contents/Developer/Toolchains/XcodeDefault.xctoolchain/usr/bin/clang -v -E -dM -isysroot /Applications/Xcode.app/Contents/Developer/Platforms/MacOSX.platform/Developer/SDKs/MacOSX26.2.sdk -x c -c /dev/null

ExecuteExternalTool /Applications/Xcode.app/Contents/Developer/usr/bin/actool --version --output-format xml1

ExecuteExternalTool /Applications/Xcode.app/Contents/Developer/Toolchains/XcodeDefault.xctoolchain/usr/bin/swiftc --version

ExecuteExternalTool /Applications/Xcode.app/Contents/Developer/Toolchains/XcodeDefault.xctoolchain/usr/bin/ld -version_details

Build description signature: 830c4c45f43e09b415d9592fcecda265
Build description path: /Users/three/Library/Developer/Xcode/DerivedData/wa-ghteecbaxdlpypbgllciimroyivc/Build/Intermediates.noindex/XCBuildData/830c4c45f43e09b415d9592fcecda265.xcbuilddata
ClangStatCache /Applications/Xcode.app/Contents/Developer/Toolchains/XcodeDefault.xctoolchain/usr/bin/clang-stat-cache /Applications/Xcode.app/Contents/Developer/Platforms/MacOSX.platform/Developer/SDKs/MacOSX26.2.sdk /Users/three/Library/Developer/Xcode/DerivedData/SDKStatCaches.noindex/macosx26.2-25C58-00fa09913b459cbbc988d1f6730289ae.sdkstatcache
    cd /Users/three/app_build/wa/wa.xcodeproj
    /Applications/Xcode.app/Contents/Developer/Toolchains/XcodeDefault.xctoolchain/usr/bin/clang-stat-cache /Applications/Xcode.app/Contents/Developer/Platforms/MacOSX.platform/Developer/SDKs/MacOSX26.2.sdk -o /Users/three/Library/Developer/Xcode/DerivedData/SDKStatCaches.noindex/macosx26.2-25C58-00fa09913b459cbbc988d1f6730289ae.sdkstatcache

ProcessProductPackaging "" /Users/three/Library/Developer/Xcode/DerivedData/wa-ghteecbaxdlpypbgllciimroyivc/Build/Intermediates.noindex/wa.build/Debug/wa.build/WTF.app.xcent (in target 'wa' from project 'wa')
    cd /Users/three/app_build/wa
    
    Entitlements:
    
    {
    "com.apple.security.device.audio-input" = 1;
    "com.apple.security.files.user-selected.read-write" = 1;
    "com.apple.security.get-task-allow" = 1;
    "com.apple.security.network.client" = 1;
}
    
    builtin-productPackagingUtility -entitlements -format xml -o /Users/three/Library/Developer/Xcode/DerivedData/wa-ghteecbaxdlpypbgllciimroyivc/Build/Intermediates.noindex/wa.build/Debug/wa.build/WTF.app.xcent

ProcessProductPackagingDER /Users/three/Library/Developer/Xcode/DerivedData/wa-ghteecbaxdlpypbgllciimroyivc/Build/Intermediates.noindex/wa.build/Debug/wa.build/WTF.app.xcent /Users/three/Library/Developer/Xcode/DerivedData/wa-ghteecbaxdlpypbgllciimroyivc/Build/Intermediates.noindex/wa.build/Debug/wa.build/WTF.app.xcent.der (in target 'wa' from project 'wa')
    cd /Users/three/app_build/wa
    /usr/bin/derq query -f xml -i /Users/three/Library/Developer/Xcode/DerivedData/wa-ghteecbaxdlpypbgllciimroyivc/Build/Intermediates.noindex/wa.build/Debug/wa.build/WTF.app.xcent -o /Users/three/Library/Developer/Xcode/DerivedData/wa-ghteecbaxdlpypbgllciimroyivc/Build/Intermediates.noindex/wa.build/Debug/wa.build/WTF.app.xcent.der --raw

ProcessInfoPlistFile /Users/three/Library/Developer/Xcode/DerivedData/wa-ghteecbaxdlpypbgllciimroyivc/Build/Products/Debug/WTF.app/Contents/Info.plist /Users/three/Library/Developer/Xcode/DerivedData/wa-ghteecbaxdlpypbgllciimroyivc/Build/Intermediates.noindex/wa.build/Debug/wa.build/empty-WTF.plist (in target 'wa' from project 'wa')
    cd /Users/three/app_build/wa
    builtin-infoPlistUtility /Users/three/Library/Developer/Xcode/DerivedData/wa-ghteecbaxdlpypbgllciimroyivc/Build/Intermediates.noindex/wa.build/Debug/wa.build/empty-WTF.plist -producttype com.apple.product-type.application -genpkginfo /Users/three/Library/Developer/Xcode/DerivedData/wa-ghteecbaxdlpypbgllciimroyivc/Build/Products/Debug/WTF.app/Contents/PkgInfo -expandbuildsettings -platform macosx -additionalcontentfile /Users/three/Library/Developer/Xcode/DerivedData/wa-ghteecbaxdlpypbgllciimroyivc/Build/Intermediates.noindex/wa.build/Debug/wa.build/assetcatalog_generated_info.plist -o /Users/three/Library/Developer/Xcode/DerivedData/wa-ghteecbaxdlpypbgllciimroyivc/Build/Products/Debug/WTF.app/Contents/Info.plist

CopySwiftLibs /Users/three/Library/Developer/Xcode/DerivedData/wa-ghteecbaxdlpypbgllciimroyivc/Build/Products/Debug/WTF.app (in target 'wa' from project 'wa')
    cd /Users/three/app_build/wa
    builtin-swiftStdLibTool --copy --verbose --sign CC2323341C95198D3459D34C8A64F40EB15440DE --scan-executable /Users/three/Library/Developer/Xcode/DerivedData/wa-ghteecbaxdlpypbgllciimroyivc/Build/Products/Debug/WTF.app/Contents/MacOS/WTF.debug.dylib --scan-folder /Users/three/Library/Developer/Xcode/DerivedData/wa-ghteecbaxdlpypbgllciimroyivc/Build/Products/Debug/WTF.app/Contents/Frameworks --scan-folder /Users/three/Library/Developer/Xcode/DerivedData/wa-ghteecbaxdlpypbgllciimroyivc/Build/Products/Debug/WTF.app/Contents/PlugIns --scan-folder /Users/three/Library/Developer/Xcode/DerivedData/wa-ghteecbaxdlpypbgllciimroyivc/Build/Products/Debug/WTF.app/Contents/Library/SystemExtensions --scan-folder /Users/three/Library/Developer/Xcode/DerivedData/wa-ghteecbaxdlpypbgllciimroyivc/Build/Products/Debug/WTF.app/Contents/Extensions --platform macosx --toolchain /Applications/Xcode.app/Contents/Developer/Toolchains/XcodeDefault.xctoolchain --destination /Users/three/Library/Developer/Xcode/DerivedData/wa-ghteecbaxdlpypbgllciimroyivc/Build/Products/Debug/WTF.app/Contents/Frameworks --strip-bitcode --strip-bitcode-tool /Applications/Xcode.app/Contents/Developer/Toolchains/XcodeDefault.xctoolchain/usr/bin/bitcode_strip --emit-dependency-info /Users/three/Library/Developer/Xcode/DerivedData/wa-ghteecbaxdlpypbgllciimroyivc/Build/Intermediates.noindex/wa.build/Debug/wa.build/SwiftStdLibToolInputDependencies.dep --filter-for-swift-os

CodeSign /Users/three/Library/Developer/Xcode/DerivedData/wa-ghteecbaxdlpypbgllciimroyivc/Build/Products/Debug/WTF.app (in target 'wa' from project 'wa')
    cd /Users/three/app_build/wa
    
    Signing Identity:     "Apple Development: sleepyblue@me.com (EE95RB228E)"
    
    /usr/bin/codesign --force --sign CC2323341C95198D3459D34C8A64F40EB15440DE -o runtime --entitlements /Users/three/Library/Developer/Xcode/DerivedData/wa-ghteecbaxdlpypbgllciimroyivc/Build/Intermediates.noindex/wa.build/Debug/wa.build/WTF.app.xcent --timestamp\=none --generate-entitlement-der /Users/three/Library/Developer/Xcode/DerivedData/wa-ghteecbaxdlpypbgllciimroyivc/Build/Products/Debug/WTF.app
/Users/three/Library/Developer/Xcode/DerivedData/wa-ghteecbaxdlpypbgllciimroyivc/Build/Products/Debug/WTF.app: replacing existing signature

Validate /Users/three/Library/Developer/Xcode/DerivedData/wa-ghteecbaxdlpypbgllciimroyivc/Build/Products/Debug/WTF.app (in target 'wa' from project 'wa')
    cd /Users/three/app_build/wa
    builtin-validationUtility /Users/three/Library/Developer/Xcode/DerivedData/wa-ghteecbaxdlpypbgllciimroyivc/Build/Products/Debug/WTF.app -no-validate-extension -infoplist-subpath Contents/Info.plist

RegisterWithLaunchServices /Users/three/Library/Developer/Xcode/DerivedData/wa-ghteecbaxdlpypbgllciimroyivc/Build/Products/Debug/WTF.app (in target 'wa' from project 'wa')
    cd /Users/three/app_build/wa
    /System/Library/Frameworks/CoreServices.framework/Versions/Current/Frameworks/LaunchServices.framework/Versions/Current/Support/lsregister -f -R -trusted /Users/three/Library/Developer/Xcode/DerivedData/wa-ghteecbaxdlpypbgllciimroyivc/Build/Products/Debug/WTF.app

** BUILD SUCCEEDED **

